<?xml version="1.0" encoding="UTF-8"?>
<!-- Generated by org.testng.reporters.JUnitReportReporter -->
<testsuite skipped="0" hostname="DESKTOP-TQCK3U4" name="com.sample.pages.FirstTest" tests="2" failures="0" timestamp="2019-12-09T20:48:22 IST" time="0.020" errors="0">
  <testcase name="signIn" time="0.002" classname="com.sample.pages.FirstTest"/>
  <testcase name="login" time="0.018" classname="com.sample.pages.FirstTest"/>
</testsuite> <!-- com.sample.pages.FirstTest -->
