<?xml version="1.0" encoding="UTF-8"?>
<!-- Generated by org.testng.reporters.JUnitReportReporter -->
<testsuite skipped="0" hostname="DESKTOP-TQCK3U4" name="com.listenerdemo.pages.Login" tests="1" failures="0" timestamp="2019-12-29T17:01:47 IST" time="4.312" errors="0">
  <testcase name="login" time="4.312" classname="com.listenerdemo.pages.Login"/>
</testsuite> <!-- com.listenerdemo.pages.Login -->
