<?xml version="1.0" encoding="UTF-8"?>
<!-- Generated by org.testng.reporters.JUnitReportReporter -->
<testsuite skipped="0" hostname="DESKTOP-TQCK3U4" name="com.sample.pages.ScreenShot" tests="2" failures="0" timestamp="2019-12-29T13:16:32 IST" time="0.021" errors="0">
  <testcase name="screenShot" time="0.005" classname="com.sample.pages.ScreenShot"/>
  <testcase name="login" time="0.016" classname="com.sample.pages.ScreenShot"/>
</testsuite> <!-- com.sample.pages.ScreenShot -->
