<?xml version="1.0" encoding="UTF-8"?>
<!-- Generated by org.testng.reporters.JUnitReportReporter -->
<testsuite skipped="0" hostname="DESKTOP-TQCK3U4" name="com.sample.pages.Sample" tests="2" failures="0" timestamp="2019-12-19T12:47:46 IST" time="0.026" errors="0">
  <testcase name="test" time="0.005" classname="com.sample.pages.Sample"/>
  <testcase name="login" time="0.021" classname="com.sample.pages.Sample"/>
</testsuite> <!-- com.sample.pages.Sample -->
