<?xml version="1.0" encoding="UTF-8"?>
<!-- Generated by org.testng.reporters.JUnitReportReporter -->
<testsuite skipped="0" hostname="DESKTOP-TQCK3U4" name="com.sample.pages.LogoutTest" tests="2" failures="0" timestamp="2019-12-19T12:47:46 IST" time="0.006" errors="0">
  <testcase name="log" time="0.004" classname="com.sample.pages.LogoutTest"/>
  <testcase name="logout" time="0.002" classname="com.sample.pages.LogoutTest"/>
</testsuite> <!-- com.sample.pages.LogoutTest -->
