<?xml version="1.0" encoding="UTF-8"?>
<!-- Generated by org.testng.reporters.JUnitReportReporter -->
<testsuite skipped="0" hostname="DESKTOP-TQCK3U4" name="com.sample.pages.LoginTest" tests="2" failures="0" timestamp="2019-12-19T12:47:46 IST" time="0.004" errors="0">
  <testcase name="signIn" time="0.004" classname="com.sample.pages.LoginTest"/>
  <testcase name="login" time="0.000" classname="com.sample.pages.LoginTest"/>
</testsuite> <!-- com.sample.pages.LoginTest -->
