<?xml version="1.0" encoding="UTF-8"?>
<!-- Generated by org.testng.reporters.JUnitReportReporter -->
<testsuite skipped="0" hostname="DESKTOP-TQCK3U4" name="com.pattern.programs.Patterns" tests="3" failures="0" timestamp="2019-12-16T19:54:26 IST" time="0.009" errors="0">
  <testcase name="pattern1" time="0.002" classname="com.pattern.programs.Patterns"/>
  <testcase name="pattern2" time="0.001" classname="com.pattern.programs.Patterns"/>
  <testcase name="pattern3" time="0.006" classname="com.pattern.programs.Patterns"/>
</testsuite> <!-- com.pattern.programs.Patterns -->
