<?xml version="1.0" encoding="UTF-8"?>
<!-- Generated by org.testng.reporters.JUnitReportReporter -->
<testsuite skipped="0" hostname="DESKTOP-TQCK3U4" name="com.abstraction.pages.AbstractionExampleTest" tests="1" failures="0" timestamp="2019-12-16T19:54:26 IST" time="0.001" errors="0">
  <testcase name="search" time="0.001" classname="com.abstraction.pages.AbstractionExampleTest"/>
</testsuite> <!-- com.abstraction.pages.AbstractionExampleTest -->
