<?xml version="1.0" encoding="UTF-8"?>
<!-- Generated by org.testng.reporters.JUnitReportReporter -->
<testsuite skipped="0" hostname="DESKTOP-TQCK3U4" name="com.automation.pages.SampleClass" tests="3" failures="0" timestamp="2019-12-17T10:21:34 IST" time="0.018" errors="0">
  <testcase name="loginMethod" time="0.000" classname="com.automation.pages.SampleClass"/>
  <testcase name="loginTest" time="0.004" classname="com.automation.pages.SampleClass"/>
  <testcase name="loginAndLogoutTest" time="0.014" classname="com.automation.pages.SampleClass"/>
</testsuite> <!-- com.automation.pages.SampleClass -->
